\BOOKMARK [1][-]{section.1}{Introduktion}{}% 1
\BOOKMARK [1][-]{section.2}{Kommandon}{}% 2
\BOOKMARK [2][-]{subsection.2.1}{\134titlepage}{section.2}% 3
\BOOKMARK [2][-]{subsection.2.2}{\134contentpage}{section.2}% 4
\BOOKMARK [2][-]{subsection.2.3}{\134lastpage}{section.2}% 5
\BOOKMARK [2][-]{subsection.2.4}{\134picture}{section.2}% 6
\BOOKMARK [2][-]{subsection.2.5}{\134wrappicture}{section.2}% 7
\BOOKMARK [2][-]{subsection.2.6}{\134columnpicture}{section.2}% 8
\BOOKMARK [1][-]{section.3}{Milj\366er}{}% 9
\BOOKMARK [2][-]{subsection.3.1}{ledaren}{section.3}% 10
\BOOKMARK [2][-]{subsection.3.2}{ordforandespalten}{section.3}% 11
\BOOKMARK [2][-]{subsection.3.3}{artikel}{section.3}% 12
\BOOKMARK [2][-]{subsection.3.4}{svammel}{section.3}% 13
\BOOKMARK [2][-]{subsection.3.5}{svammelpage}{section.3}% 14
\BOOKMARK [3][-]{subsubsection.3.5.1}{\134SvammelLeft}{subsection.3.5}% 15
\BOOKMARK [3][-]{subsubsection.3.5.2}{\134SvammelRight}{subsection.3.5}% 16
\BOOKMARK [3][-]{subsubsection.3.5.3}{\134SvammelCenter}{subsection.3.5}% 17
\BOOKMARK [2][-]{subsection.3.6}{twocolumns}{section.3}% 18
\BOOKMARK [1][-]{section.4}{Exempel}{}% 19
\BOOKMARK [2][-]{subsection.4.1}{Simpelt dokument}{section.4}% 20
\BOOKMARK [2][-]{subsection.4.2}{Bilder}{section.4}% 21
\BOOKMARK [2][-]{subsection.4.3}{Fullst\344ndigt dokument}{section.4}% 22
